<?xml version="1.0" encoding="UTF-8"?>
<!-- Generated by org.testng.reporters.JUnitReportReporter -->
<testsuite skipped="0" hostname="QTLSYS0-225" name="tests.QCStore" tests="1" failures="0" timestamp="23 Dec 2019 06:29:29 GMT" time="51.978" errors="0">
  <testcase name="RQC_WriteOffRecovery_Txn_Testdata" time="51.978" classname="tests.QCStore"/>
</testsuite> <!-- tests.QCStore -->
